[ 2025-10-24 00:09:15,554 ] 41 root - INFO - Start data Ingestion
[ 2025-10-24 00:09:21,569 ] 65 root - INFO - Performed train test split on the dataframe
[ 2025-10-24 00:09:21,569 ] 67 root - INFO - Exited split_data_as_train_test method of Data_Ingestion class
[ 2025-10-24 00:09:21,569 ] 75 root - INFO - Exporting train and test file path.
[ 2025-10-24 00:09:21,634 ] 84 root - INFO - Exported train and test file path.
[ 2025-10-24 00:09:21,634 ] 44 root - INFO - Data Ingestion completed and artifact: DataIngestionArtifact(trained_file_path='Artifacts\\10_24_2025_00_08_51\\data_ingestion\\ingested\\train.csv', test_file_path='Artifacts\\10_24_2025_00_08_51\\data_ingestion\\ingested\\test.csv')
[ 2025-10-24 00:09:21,640 ] 54 root - INFO - Initiate the data Validation
[ 2025-10-24 00:09:21,684 ] 32 root - INFO - Required number of columns:2
[ 2025-10-24 00:09:21,684 ] 33 root - INFO - Data frame has columns:31
[ 2025-10-24 00:09:21,684 ] 32 root - INFO - Required number of columns:2
[ 2025-10-24 00:09:21,684 ] 33 root - INFO - Data frame has columns:31
[ 2025-10-24 00:09:21,786 ] 63 root - INFO - Entered initiate_data_transformation method of DataTransformation class
[ 2025-10-24 00:09:21,786 ] 65 root - INFO - Starting data transformation
[ 2025-10-24 00:09:21,801 ] 48 root - INFO - Entered get_data_trnasformer_object method of Trnasformation class
[ 2025-10-24 00:09:21,801 ] 53 root - INFO - Initialise KNNImputer with {'missing_values': nan, 'n_neighbors': 3, 'weights': 'uniform'}
[ 2025-10-24 00:09:21,810 ] 46 root - INFO - Entered the save_object method of MainUtils class
[ 2025-10-24 00:09:21,812 ] 50 root - INFO - Exited the save_object method of MainUtils class
[ 2025-10-24 00:09:21,812 ] 46 root - INFO - Entered the save_object method of MainUtils class
[ 2025-10-24 00:09:21,814 ] 50 root - INFO - Exited the save_object method of MainUtils class
[ 2025-10-24 00:09:22,510 ] 46 root - INFO - ENABLE_DAGSHUB not set; skipping dagshub.init()
[ 2025-10-24 00:09:22,510 ] 95 root - INFO - ModelTrainer instance type: <class 'networksecurity.components.model_trainer.ModelTrainer'>
[ 2025-10-24 00:09:22,510 ] 98 root - INFO - ModelTrainer module: networksecurity.components.model_trainer
[ 2025-10-24 00:09:22,510 ] 101 root - INFO - ModelTrainer implementation file: C:\Users\dwive\OneDrive\Desktop\INTERVIEW\projects\New folder\networksecurity\networksecurity\components\model_trainer.py
[ 2025-10-24 00:09:22,510 ] 106 root - INFO - ModelTrainer available attributes: ['data_transformation_artifact', 'model_trainer_config']
