[ 2025-10-23 23:48:44,859 ] 1025 httpx - INFO - HTTP Request: GET https://dagshub.com/api/v1/user "HTTP/1.1 200 OK"
[ 2025-10-23 23:48:44,863 ] 107 dagshub - INFO - Accessing as dwivedivenky
[ 2025-10-23 23:48:46,153 ] 1025 httpx - INFO - HTTP Request: GET https://dagshub.com/api/v1/repos/dwivedivenky/Network_security "HTTP/1.1 200 OK"
[ 2025-10-23 23:48:47,397 ] 1025 httpx - INFO - HTTP Request: GET https://dagshub.com/api/v1/user "HTTP/1.1 200 OK"
[ 2025-10-23 23:48:47,399 ] 107 dagshub - INFO - Initialized MLflow to track repo "dwivedivenky/Network_security"
[ 2025-10-23 23:48:47,399 ] 107 dagshub - INFO - Repository dwivedivenky/Network_security initialized!
[ 2025-10-23 23:49:10,172 ] 42 root - INFO - Start data Ingestion
[ 2025-10-23 23:49:13,710 ] 65 root - INFO - Performed train test split on the dataframe
[ 2025-10-23 23:49:13,710 ] 67 root - INFO - Exited split_data_as_train_test method of Data_Ingestion class
[ 2025-10-23 23:49:13,710 ] 75 root - INFO - Exporting train and test file path.
[ 2025-10-23 23:49:13,749 ] 84 root - INFO - Exported train and test file path.
[ 2025-10-23 23:49:13,750 ] 45 root - INFO - Data Ingestion completed and artifact: DataIngestionArtifact(trained_file_path='Artifacts\\10_23_2025_23_48_41\\data_ingestion\\ingested\\train.csv', test_file_path='Artifacts\\10_23_2025_23_48_41\\data_ingestion\\ingested\\test.csv')
[ 2025-10-23 23:49:13,755 ] 55 root - INFO - Initiate the data Validation
[ 2025-10-23 23:49:13,801 ] 32 root - INFO - Required number of columns:2
[ 2025-10-23 23:49:13,801 ] 33 root - INFO - Data frame has columns:31
[ 2025-10-23 23:49:13,801 ] 32 root - INFO - Required number of columns:2
[ 2025-10-23 23:49:13,801 ] 33 root - INFO - Data frame has columns:31
[ 2025-10-23 23:49:13,915 ] 63 root - INFO - Entered initiate_data_transformation method of DataTransformation class
[ 2025-10-23 23:49:13,915 ] 65 root - INFO - Starting data transformation
[ 2025-10-23 23:49:13,939 ] 48 root - INFO - Entered get_data_trnasformer_object method of Trnasformation class
[ 2025-10-23 23:49:13,939 ] 53 root - INFO - Initialise KNNImputer with {'missing_values': nan, 'n_neighbors': 3, 'weights': 'uniform'}
[ 2025-10-23 23:49:13,956 ] 46 root - INFO - Entered the save_object method of MainUtils class
[ 2025-10-23 23:49:13,958 ] 50 root - INFO - Exited the save_object method of MainUtils class
[ 2025-10-23 23:49:13,958 ] 46 root - INFO - Entered the save_object method of MainUtils class
[ 2025-10-23 23:49:13,960 ] 50 root - INFO - Exited the save_object method of MainUtils class
[ 2025-10-23 23:49:13,960 ] 95 root - INFO - ModelTrainer instance type: <class 'networksecurity.components.model_trainer.ModelTrainer'>
[ 2025-10-23 23:49:13,960 ] 98 root - INFO - ModelTrainer module: networksecurity.components.model_trainer
[ 2025-10-23 23:49:13,960 ] 101 root - INFO - ModelTrainer implementation file: C:\Users\dwive\OneDrive\Desktop\INTERVIEW\projects\New folder\networksecurity\networksecurity\components\model_trainer.py
[ 2025-10-23 23:49:13,960 ] 106 root - INFO - ModelTrainer available attributes: ['data_transformation_artifact', 'model_trainer_config']
