[ 2025-10-24 00:40:36,233 ] 41 root - INFO - Start data Ingestion
[ 2025-10-24 00:40:40,580 ] 65 root - INFO - Performed train test split on the dataframe
[ 2025-10-24 00:40:40,581 ] 67 root - INFO - Exited split_data_as_train_test method of Data_Ingestion class
[ 2025-10-24 00:40:40,581 ] 75 root - INFO - Exporting train and test file path.
[ 2025-10-24 00:40:40,677 ] 84 root - INFO - Exported train and test file path.
[ 2025-10-24 00:40:40,678 ] 44 root - INFO - Data Ingestion completed and artifact: DataIngestionArtifact(trained_file_path='Artifacts\\10_24_2025_00_40_26\\data_ingestion\\ingested\\train.csv', test_file_path='Artifacts\\10_24_2025_00_40_26\\data_ingestion\\ingested\\test.csv')
[ 2025-10-24 00:40:40,702 ] 54 root - INFO - Initiate the data Validation
[ 2025-10-24 00:40:40,813 ] 32 root - INFO - Required number of columns:2
[ 2025-10-24 00:40:40,814 ] 33 root - INFO - Data frame has columns:31
[ 2025-10-24 00:40:40,814 ] 32 root - INFO - Required number of columns:2
[ 2025-10-24 00:40:40,814 ] 33 root - INFO - Data frame has columns:31
[ 2025-10-24 00:40:41,135 ] 63 root - INFO - Entered initiate_data_transformation method of DataTransformation class
[ 2025-10-24 00:40:41,135 ] 65 root - INFO - Starting data transformation
[ 2025-10-24 00:40:41,174 ] 48 root - INFO - Entered get_data_trnasformer_object method of Trnasformation class
[ 2025-10-24 00:40:41,174 ] 53 root - INFO - Initialise KNNImputer with {'missing_values': nan, 'n_neighbors': 3, 'weights': 'uniform'}
[ 2025-10-24 00:40:41,206 ] 46 root - INFO - Entered the save_object method of MainUtils class
[ 2025-10-24 00:40:41,211 ] 50 root - INFO - Exited the save_object method of MainUtils class
[ 2025-10-24 00:40:41,211 ] 46 root - INFO - Entered the save_object method of MainUtils class
[ 2025-10-24 00:40:41,215 ] 50 root - INFO - Exited the save_object method of MainUtils class
[ 2025-10-24 00:40:44,429 ] 1025 httpx - INFO - HTTP Request: GET https://dagshub.com/api/v1/user "HTTP/1.1 200 OK"
[ 2025-10-24 00:40:44,442 ] 107 dagshub - INFO - Accessing as dwivedivenky
[ 2025-10-24 00:40:45,545 ] 1025 httpx - INFO - HTTP Request: GET https://dagshub.com/api/v1/repos/dwivedivenky/Network_security "HTTP/1.1 200 OK"
[ 2025-10-24 00:40:46,607 ] 1025 httpx - INFO - HTTP Request: GET https://dagshub.com/api/v1/user "HTTP/1.1 200 OK"
[ 2025-10-24 00:40:46,610 ] 107 dagshub - INFO - Initialized MLflow to track repo "dwivedivenky/Network_security"
[ 2025-10-24 00:40:46,612 ] 107 dagshub - INFO - Repository dwivedivenky/Network_security initialized!
[ 2025-10-24 00:40:46,612 ] 41 root - INFO - \u2705 dagshub initialized for mlflow tracking
[ 2025-10-24 00:40:46,613 ] 54 root - INFO - \u2705 ModelTrainer initialized successfully.
[ 2025-10-24 00:40:46,613 ] 95 root - INFO - ModelTrainer instance type: <class 'networksecurity.components.model_trainer.ModelTrainer'>
[ 2025-10-24 00:40:46,613 ] 98 root - INFO - ModelTrainer module: networksecurity.components.model_trainer
[ 2025-10-24 00:40:46,613 ] 101 root - INFO - ModelTrainer implementation file: C:\Users\dwive\OneDrive\Desktop\INTERVIEW\projects\New folder\networksecurity\networksecurity\components\model_trainer.py
[ 2025-10-24 00:40:46,613 ] 106 root - INFO - ModelTrainer available attributes: ['data_transformation_artifact', 'initiate_model_trainer', 'model_trainer_config', 'track_mlflow', 'train_model']
[ 2025-10-24 00:47:54,933 ] 113 root - INFO - \u2705 Best Model Selected: Random Forest (score: 0.8924068068371895)
[ 2025-10-24 00:48:53,408 ] 46 root - INFO - Entered the save_object method of MainUtils class
[ 2025-10-24 00:48:53,548 ] 50 root - INFO - Exited the save_object method of MainUtils class
[ 2025-10-24 00:48:53,548 ] 46 root - INFO - Entered the save_object method of MainUtils class
[ 2025-10-24 00:48:53,676 ] 50 root - INFO - Exited the save_object method of MainUtils class
[ 2025-10-24 00:48:53,676 ] 145 root - INFO - \u2705 ModelTrainer Artifact Created: ModelTrainerArtifact(trained_model_file_path='Artifacts\\10_24_2025_00_40_26\\model_trainer\\trained_model\\model.pkl', train_metric_artifact=ClassificationMetricArtifact(f1_score=0.9912324901743425, precision_score=0.9895372233400402, recall_score=0.9929335756107409), test_metric_artifact=ClassificationMetricArtifact(f1_score=0.9755693581780538, precision_score=0.9727497935590421, recall_score=0.978405315614618))
