[ 2025-10-23 23:20:51,978 ] 1025 httpx - INFO - HTTP Request: GET https://dagshub.com/api/v1/user "HTTP/1.1 200 OK"
[ 2025-10-23 23:20:51,991 ] 107 dagshub - INFO - Accessing as dwivedivenky
[ 2025-10-23 23:20:53,171 ] 1025 httpx - INFO - HTTP Request: GET https://dagshub.com/api/v1/repos/dwivedivenky/Network_security "HTTP/1.1 200 OK"
[ 2025-10-23 23:20:54,521 ] 1025 httpx - INFO - HTTP Request: GET https://dagshub.com/api/v1/user "HTTP/1.1 200 OK"
[ 2025-10-23 23:20:54,525 ] 107 dagshub - INFO - Initialized MLflow to track repo "dwivedivenky/Network_security"
[ 2025-10-23 23:20:54,526 ] 107 dagshub - INFO - Repository dwivedivenky/Network_security initialized!
[ 2025-10-23 23:21:20,786 ] 42 root - INFO - Start data Ingestion
[ 2025-10-23 23:21:26,675 ] 65 root - INFO - Performed train test split on the dataframe
[ 2025-10-23 23:21:26,675 ] 67 root - INFO - Exited split_data_as_train_test method of Data_Ingestion class
[ 2025-10-23 23:21:26,677 ] 75 root - INFO - Exporting train and test file path.
[ 2025-10-23 23:21:26,813 ] 84 root - INFO - Exported train and test file path.
[ 2025-10-23 23:21:26,813 ] 45 root - INFO - Data Ingestion completed and artifact: DataIngestionArtifact(trained_file_path='Artifacts\\10_23_2025_23_20_46\\data_ingestion\\ingested\\train.csv', test_file_path='Artifacts\\10_23_2025_23_20_46\\data_ingestion\\ingested\\test.csv')
[ 2025-10-23 23:21:26,829 ] 55 root - INFO - Initiate the data Validation
[ 2025-10-23 23:21:26,937 ] 32 root - INFO - Required number of columns:2
[ 2025-10-23 23:21:26,937 ] 33 root - INFO - Data frame has columns:31
[ 2025-10-23 23:21:26,938 ] 32 root - INFO - Required number of columns:2
[ 2025-10-23 23:21:26,938 ] 33 root - INFO - Data frame has columns:31
[ 2025-10-23 23:21:27,304 ] 63 root - INFO - Entered initiate_data_transformation method of DataTransformation class
[ 2025-10-23 23:21:27,304 ] 65 root - INFO - Starting data transformation
[ 2025-10-23 23:21:27,360 ] 48 root - INFO - Entered get_data_trnasformer_object method of Trnasformation class
[ 2025-10-23 23:21:27,360 ] 53 root - INFO - Initialise KNNImputer with {'missing_values': nan, 'n_neighbors': 3, 'weights': 'uniform'}
[ 2025-10-23 23:21:27,391 ] 46 root - INFO - Entered the save_object method of MainUtils class
[ 2025-10-23 23:21:27,395 ] 50 root - INFO - Exited the save_object method of MainUtils class
[ 2025-10-23 23:21:27,395 ] 46 root - INFO - Entered the save_object method of MainUtils class
[ 2025-10-23 23:21:27,400 ] 50 root - INFO - Exited the save_object method of MainUtils class
