[ 2025-10-23 23:15:57,353 ] 1025 httpx - INFO - HTTP Request: GET https://dagshub.com/api/v1/user "HTTP/1.1 200 OK"
[ 2025-10-23 23:15:57,362 ] 107 dagshub - INFO - Accessing as dwivedivenky
[ 2025-10-23 23:15:58,600 ] 1025 httpx - INFO - HTTP Request: GET https://dagshub.com/api/v1/repos/dwivedivenky/Network_security "HTTP/1.1 200 OK"
[ 2025-10-23 23:15:59,720 ] 1025 httpx - INFO - HTTP Request: GET https://dagshub.com/api/v1/user "HTTP/1.1 200 OK"
[ 2025-10-23 23:15:59,722 ] 107 dagshub - INFO - Initialized MLflow to track repo "dwivedivenky/Network_security"
[ 2025-10-23 23:15:59,723 ] 107 dagshub - INFO - Repository dwivedivenky/Network_security initialized!
[ 2025-10-23 23:16:10,219 ] 42 root - INFO - Start data Ingestion
[ 2025-10-23 23:16:14,555 ] 65 root - INFO - Performed train test split on the dataframe
[ 2025-10-23 23:16:14,556 ] 67 root - INFO - Exited split_data_as_train_test method of Data_Ingestion class
[ 2025-10-23 23:16:14,556 ] 75 root - INFO - Exporting train and test file path.
[ 2025-10-23 23:16:14,651 ] 84 root - INFO - Exported train and test file path.
[ 2025-10-23 23:16:14,652 ] 45 root - INFO - Data Ingestion completed and artifact: DataIngestionArtifact(trained_file_path='Artifacts\\10_23_2025_23_15_51\\data_ingestion\\ingested\\train.csv', test_file_path='Artifacts\\10_23_2025_23_15_51\\data_ingestion\\ingested\\test.csv')
[ 2025-10-23 23:16:14,662 ] 55 root - INFO - Initiate the data Validation
[ 2025-10-23 23:16:14,759 ] 32 root - INFO - Required number of columns:2
[ 2025-10-23 23:16:14,759 ] 33 root - INFO - Data frame has columns:31
[ 2025-10-23 23:16:14,759 ] 32 root - INFO - Required number of columns:2
[ 2025-10-23 23:16:14,761 ] 33 root - INFO - Data frame has columns:31
[ 2025-10-23 23:16:15,097 ] 63 root - INFO - Entered initiate_data_transformation method of DataTransformation class
[ 2025-10-23 23:16:15,097 ] 65 root - INFO - Starting data transformation
[ 2025-10-23 23:16:15,138 ] 48 root - INFO - Entered get_data_trnasformer_object method of Trnasformation class
[ 2025-10-23 23:16:15,138 ] 53 root - INFO - Initialise KNNImputer with {'missing_values': nan, 'n_neighbors': 3, 'weights': 'uniform'}
[ 2025-10-23 23:16:15,173 ] 46 root - INFO - Entered the save_object method of MainUtils class
[ 2025-10-23 23:16:15,176 ] 50 root - INFO - Exited the save_object method of MainUtils class
[ 2025-10-23 23:16:15,176 ] 46 root - INFO - Entered the save_object method of MainUtils class
[ 2025-10-23 23:16:15,180 ] 50 root - INFO - Exited the save_object method of MainUtils class
